[    0.000000] Iniiazig cgroup sbsysput
[   .0000] Initialing cgupubsys cpu
[   0.00] Initializi cgrp bsys cpuac
[    00000] Lix ersi 4.0-101-generic(buildlc01-amd64-006) (gcc version 5.40 201609(Ubuu 4.0-6ubunt1~6.04) #124-Ubuntu SMP Fri Nov 10 18:299 C 2017 (Ubuntu4.4.0-101.12genec 4.95
[   0.0000]Command line BOOT_IMAGE=/boot/vliz-.4.010geeric root=LABEL=cloudimgrootfs ro console=tt cnsole=yS
[  00000 KNEL suppord cp:[   .0000] Iel GenuieIel
[    0.000000] AD AuthenticAMD
[    0.000000]  CeauCentaurHaus
[  000000] --------cut here ]----------
[  0.0000WAING: C: PID: 0 at /build/linux-WmUCin-4.4.0rcx86/kernl/pu/xatc:51fp_init_stm_xstate+0x38b/0x75a()
[    0.0000] XSAVcosisten pblem, mpng lve
[    0.0000]] Moduleslinkedn:
[   0.00000] CPU: 0 PID: 0 Comm: swapper Not tainted 4.4.0-101-generic #124-Ubuntu
[    0.000000] 0000000000086 6fc989c771b17 fffff8e03d0 fffff813fb4d3
[    0.000000] ffffff8e03d ffffff81caa0 ffffffff81e03dbffffff8108e2
[   00000]ffffff81e03e48 ffffffff81e034c 00000000000000000010    0.000000Callrae:
  0.0000 [<ffff813fb3>dump_stack0x63/0x90[    00000] <fffff102e2>] wa_slowph_mmonx8/0xc0
[    0.000000]  [<ffffff10137c wn_slpa_fmt+0x5/00
[   .00000  ffffff81cff0>] ?feture_size+0x59/0x77
[   0.00000]  fffffffff620b>] fpu__init_syemxstate0xb/0x75
  0.000000]  [<fffffff1fe120>] ? erly_t_ndleary+0x0/120   0.000000][<ffff81f6db>]fpu__init_system+0x10d0x245
[  00000] <ffffffff6c7f>] early_cpu_init+0130x13e
[  00000 [<ffff81f6ef>? early_cpu_int+0x139/0x3e
[  000000][<fffffff81f181>sep_arch+04/0xcf
   0.000000]  <fffffff1fe120>] erly_t_andl_aay+0x1/020
[  00000] <ffffff8f5ec>]tartkeel0xe4/0x42
[    0.000000] [<ffff81e120 ?arlydtandlerrry+120x120
[   .00000  ffffff1f5e339>] x86_64_start_reservatis+0x2ax2c
[    0.000000]  [<ffffffff81f5e4>]x86__srt_kerl+14a/0x16
[   0.00] ---[ e tac4df9f2f68c33]---
[    0.000000] CPUID[0d, 00 e=0000007bx=0000 ec000440dx000000[   .0000] CPUID[0d, 01]ea000000 ex=000003c0 ecx=00000000 ed=00000000
[  0.0000CPD[0d, 02 ex=0000 ebx000040 ecx=0000000 edx=00000000
[    0.000000] CPUID[0d,03]: eax=0000000bx000000cx=00000 edx=00000
[    000000]CPD[d,4]eax=00000000ebx=00000000cx=00000 ex=0000
[    0.000000 CPU[0, 05]: e=000000 x=00000 x=0000 edx=0000
[    0.00000] CPUID[0d, 06]:ea000000eb000000ec=00000 edx000000[   0.00] CPUID[d,7]: ax000000 ebx=0000000cx00000 x=0000
[   .00000] PU[0d,08 ex=0000 ebx=00000 ex=00000 ed00000[   .0000] CPU[0d, 09]ea=00000ebx=00000 ecx=00000 edx=000000
  0.000000] PU[0d, 0a]: ax=00000 ebx=0000000 ex=000000ed0000000
[    0.000000] CPUD[0d, 0b]: ex=00000000 eb=000000 cx=00000 edx=00000000
[    0.00000] CPUID[0d, 0c]:ax00000000 ebx00000000ec=00000000 x=00000
[    0.000000] CPUID0d 0d]: eax=00000000 e=0000000ec=00000 edx=000000
[  0.000]PUID[0d, 0e]: ea000000 ebx=0000000 ecx=00000000 edx=000000[  0.000000] CPUID[0d, 0f]: eax=000000 ex=0000ecx=000000edx=0000000
[  00000] UI[0d,0]eeax=0000000 ebx00000 ec000000ed000000
[  0.0000CPD[0d, 11]: eax00000000 ex=0000 ecx000000 edx00000   0.000 x86puxstate_offset[2]: 76xstate_sizs[]:25
[    00000] x/fu: Spoing AVfeature 01 'x87 oaing point registers'
[    0.000000] x86pu SupportingXSAVE feare0x02: 'SSE registers'
[   0.0000 x6/fp Sportg AVE eare0x04: 'AVX registers'
[   .000000] x86/fu:naled ta features 0x7, context size  18 bys,sing 'anard' format.
    .0000]86pu: si 'azy'FPcotext stces.
[  0000000 e0: BIOSroided physical RAM map:
[    0.0000]IOS-82: em 000000000000x000000009ff]sable[   0.0000BIOS-e820: [mem 0x0000000009fc-000000009ffff rerved[   .000000] BIOS-e820: [mem 0x0000000f0000x0000000000fffff] reserved
[    0.000] IOS-e80:[mm x0000000000100000-0000003ffff] usable
[   0.0000] BIOS-e20: [mm x000003fff00000x00000003ffff] ACPI at
[    0.000000] BIOS82 [mem 0x000000ff00-0x00000000ffffff]eserved
[    .000000] N(EecutDiable ptetion: aciv
    0.0000 SBIOS 25 esnt.    0.000]Hypeis detecd:KVM   0.000000] e0: lt_n = 0xff maxrcpfn  0000000
  0.000000] MTR: Disabled
[  000000] x86/PAT: MTRRs diable spping PAT inialiti too.
[    0.000000] CPU MRsall blank - virtualized ystem.
[   0.00] x8PA Configuration [7]WB  WTUCUC  WB  WT  C- UC  
[  0000000fond S Mtablatmem 0x009f0-0x09fff]aped at [fff800009fff0
  0.00000]Scnnng 1 ares r ow memory corruptin    0.00] RAMDK:[mm 0x36400-x37561ff][   0.00] ACPI: Early tae ecksum verification isle
[   .00000] ACPI: RSDP 0x000000E0000 0000 (02BO )
[  00000] PI: XSDTx00000FFF0030003C (v01 VBO   VBOXS 00000ASL  00000061)
[    0.000000]CP FAC0x0000003F000 0000 (04 VBOX   VBXFACP 00000001 ASL  00000061
[    00000] ACPI: DT 0x000003FF0470 0021 (v01 OX VBOXBS 0000002 INTL 21608
[  000000] ACPI: ACS 0x00000003FF20 0000[    0.000000] ACPI: FAC 000000000FF0200 00004
[    00000 ACP AC 0x00003FFF400005(v VBOX   VBOXAPIC 0001 ASL 00061)
  0.00000]CP: DTx0000000FF02A0 0001C (v01 OX VBOXCPUT 00000002IN 20110
[    00000] No NA onigation ou
    0.0000 Fking anoe t mem 0x00000000000-x0000003ffefff
    0.0000] NODE_DAT(0) allocated [mem 0x3fb00-0x3ffeffff]
[    0.000] kvmclk: Using msrs 4b56d01 and 4b564d00
[    0.00000] kvclck: cpu 0, mr 0:3f301, pmay cpu clock
[    0.000000] kvm-cckusinscd offset of 2901032238 cycles
[   .00000] clocksource:vmlock: ma: xffffffffffffffff max_cycles: 0xcde4dffb, x_dle_ns885905483 ns
[   00000]onrang:[   0.000]   D     [m 00000000001000x000000ffff][   0.000000]   DMA32    [mm x00000000000-0000003effff]
  0.00000] Norma  mpty
[  000000]  evce  mp
[    0.00000] Mobl zonstt foea node
[    0.00000] Early emorno rans[   .0000] ne   0: [m x000000001000-0x00000000efff
[  0.000000]   node   0[mm 00000000100000x000003fefff
[    0.0000 Itmem stu ne 0 [mm 000000000000-0x00000ffefff][    00000] CP P-Timr O or: 0x408[   0.0000] OAIC[0]: aicid2, version 1, dres0xc00000 GI -2
[    0.000000] ACPI:IN_SC_VR (bus  bs_rq 0glal_irq 2df dfl
[   .000000] AI: INTRCVR (bus bus_irq glbal_irq  hgh lel
[   0.000] UngACPIMAT) forSM confiurion inrmion
[    0.000000] sbot: Allwi 2 CPUs, 0 hotplug Cs[   .0000] PM: Registered nosave memy:mem 000000x000fff]
[   0.00000] PM: Rgistedosavmery: [mem0x009f000-0x00ffff
[  0.000 PM: Registered noveemory: [m x000a00-x000ff
[    00000] PM: gitered nosave memory:me 0x000f0000-0x000fffff]
[   .0000]820: [mem 400000xfffbfff availleor PCIevces
[    0.000000] Boongpaviualized rnl n M
[    0.0000clksource: refined-jiffi: ask: 0xffffff x_cles: 0xffffffff, max_id_n: 76459602118 
[    0.000000] setup_percp: NR_CPU51 nr_umk_bits:512 n_cu_ids:2 nr_node_id1
[    00000] PERCPU: Embedded 34 pag/c @ffff883fc000 s8328 r8192d32744 u1048576
[  00000]V spinckash blentries: 2 (rder: 0, 4096 bytes)
[  0000000] Built 1 zoneis i Ne der, mbitygrpi on.  Total ages: 257913
[    00000] Policy zone: DMA32[    00000] rn comndine: BOOIMGE=/otmlinuz-4.4.001-ger root=BE=cloudg-ootfroonso=t1 console=yS0   0.000 PIDastable tres: 4096 (order: 3, 32768 byte
   0.0000]Memory 10156/1048120 aaiable (48K erel cod, 294K rdata, 98K odta, 142Kint,1316K ss 464K reserd,0K cmareered
[    0.00000 SLUB:HWlin=4, Order0-, inObecs=, PUs=2, Nde=1
[    00000] ierachca RU implemntio.
[    0.000000] 	Build-time adjtmt of lafanut t64
[    0000] 	U stricting CPUs fm _CPUS=2  nr_u_s=2.
[  0000000] RCU: Adjusting geometry r u_fano_lf=64, nr_cpu_ids=2[    0.000] NRRQ:33024 nr_irqs:440 16
    0.000000] Console: colour VGA+ 80x25
[   .000000] consoe tt1] eabd
[    00000] cool[ttyS0] abed
[    0.000000] tsc: Detected 2592.000 MHz processor
[   43.386480] Calibrating delay loop (skipped) preset value.. 5184.00 BogoMIPS (lpj=10368000)
[   43.499796] pid_max: default: 32768 minimum: 301
[   43.513382] ACPI: Core revision 20150930
[   43.516370] ACPI: 2 ACPI AML tables successfully acquired and loaded
[   43.519164] Security Framework initialized
[   43.593971] Yama: becoming mindful.
[   43.676350] AppArmor: AppArmor initialized
[   43.787007] Dentry cache hash table entries: 131072 (order: 8, 1048576 bytes)
[   43.971502] Inode-cache hash table entries: 65536 (order: 7, 524288 bytes)
[   44.151598] Mount-cache hash table entries: 2048 (order: 2, 16384 bytes)
[   44.327879] Mountpoint-cache hash table entries: 2048 (order: 2, 16384 bytes)
[   44.497914] Initializing cgroup subsys io
[   44.590979] Initializing cgroup subsys memory
[   44.710040] Initializing cgroup subsys devices
[   44.808268] Initializing cgroup subsys freezer
[   44.897608] Initializing cgroup subsys net_cls
[   44.983187] Initializing cgroup subsys perf_event
[   45.071508] Initializing cgroup subsys net_prio
[   45.181545] Initializing cgroup subsys hugetlb
[   45.297173] Initializing cgroup subsys pids
[   45.405617] CPU: Physical Processor ID: 0
[   45.509353] CPU: Processor Core ID: 0
[   45.601045] mce: CPU supports 0 MCE banks
[   45.677199] Last level iTLB entries: 4KB 64, 2MB 8, 4MB 8
[   45.828800] Last level dTLB entries: 4KB 64, 2MB 0, 4MB 0, 1GB 4
[   45.994137] Freeing SMP alternatives memory: 32K
[   46.119889] ftrace: allocating 32156 entries in 126 pages
[   46.294354] smpboot: APIC(0) Converting physical 0 to logical package 0
[   46.475918] smpboot: Max logical packages: 1
[   46.610562] ..TIMER: vector=0x30 apic1=0 pin1=2 apic2=-1 pin2=-1
[   46.882634] smpboot: CPU0: Intel(R) Core(TM) i7-6500U CPU @ 2.50GHz (family: 0x6, model: 0x4e, stepping: 0x3)
[   47.141488] Performance Events: unsupported p6 CPU model 78 no PMU driver, software events only.
[   47.352013] KVM setup paravirtual spinlock
[   47.474132] x86: Booting SMP configuration:
[   47.588486] .... node  #0, CPUs:      #1
[   47.693895] kvm-clock: cpu 1, msr 0:3ffe3041, secondary cpu clock
[   47.816346] mce: CPU supports 0 MCE banks
[   47.856260] x86: Booted up 1 node, 2 CPUs
[   47.963892] smpboot: Total of 2 processors activated (10368.00 BogoMIPS)
[   48.152484] devtmpfs: initialized
[   48.235770] evm: security.selinux
[   48.296873] evm: security.SMACK64
[   48.329958] evm: security.SMACK64EXEC
[   48.357912] evm: security.SMACK64TRANSMUTE
[   48.394242] evm: security.SMACK64MMAP
[   48.422598] evm: security.ima
[   48.445967] evm: security.capability
[   48.477211] clocksource: jiffies: mask: 0xffffffff max_cycles: 0xffffffff, max_idle_ns: 7645041785100000 ns
[   48.616668] futex hash table entries: 512 (order: 3, 32768 bytes)
[   48.769351] pinctrl core: initialized pinctrl subsystem
[   48.886470] RTC time: 10:43:22, date: 12/02/17
[   48.976460] NET: Registered protocol family 16
[   49.082336] cpuidle: using governor ladder
[   49.186432] cpuidle: using governor menu
[   49.265036] PCCT header not found.
[   49.326576] ACPI: bus type PCI registered
[   49.416254] acpiphp: ACPI Hot Plug PCI Controller Driver version: 0.5
[   49.559504] PCI: Using configuration type 1 for base access
[   49.679580] ACPI: Added _OSI(Module Device)
[   49.766427] ACPI: Added _OSI(Processor Device)
[   49.860850] ACPI: Added _OSI(3.0 _SCP Extensions)
[   49.969878] ACPI: Added _OSI(Processor Aggregator Device)
[   50.081218] ACPI: Executed 1 blocks of module-level executable AML code
[   50.190647] ACPI: Interpreter enabled
[   50.268223] ACPI: (supports S0 S5)
[   50.335562] ACPI: Using IOAPIC for interrupt routing
[   50.434697] PCI: Using host bridge windows from ACPI; if necessary, use "pci=nocrs" and report a bug
[   50.636377] ACPI: PCI Root Bridge [PCI0] (domain 0000 [bus 00-ff])
[   50.755987] acpi PNP0A03:00: _OSC: OS supports [ASPM ClockPM Segments MSI]
[   50.895108] acpi PNP0A03:00: _OSC failed (AE_NOT_FOUND); disabling ASPM
[   51.004583] acpi PNP0A03:00: fail to add MMCONFIG information, can't access extended PCI configuration space under this bridge.
[   51.184815] PCI host bridge to bus 0000:00
[   51.295093] pci_bus 0000:00: root bus resource [io  0x0000-0x0cf7 window]
[   51.460576] pci_bus 0000:00: root bus resource [io  0x0d00-0xffff window]
[   51.646799] pci_bus 0000:00: root bus resource [mem 0x000a0000-0x000bffff window]
[   51.862988] pci_bus 0000:00: root bus resource [mem 0x40000000-0xffdfffff window]
[   52.069184] pci_bus 0000:00: root bus resource [bus 00-ff]
[   52.222532] pci 0000:00:01.1: legacy IDE quirk: reg 0x10: [io  0x01f0-0x01f7]
[   52.423351] pci 0000:00:01.1: legacy IDE quirk: reg 0x14: [io  0x03f6]
[   52.566265] pci 0000:00:01.1: legacy IDE quirk: reg 0x18: [io  0x0170-0x0177]
[   52.704143] pci 0000:00:01.1: legacy IDE quirk: reg 0x1c: [io  0x0376]
[   52.894010] ACPI: PCI Interrupt Link [LNKA] (IRQs 5 9 10 11) *0, disabled.
[   53.031406] ACPI: PCI Interrupt Link [LNKB] (IRQs 5 9 10 *11)
[   53.143592] ACPI: PCI Interrupt Link [LNKC] (IRQs 5 9 *10 11)
[   53.263153] ACPI: PCI Interrupt Link [LNKD] (IRQs 5 *9 10 11)
[   53.365547] ACPI: Enabled 2 GPEs in block 00 to 07
[   53.483776] vgaarb: setting as boot device: PCI:0000:00:02.0
[   53.626356] vgaarb: device added: PCI:0000:00:02.0,decodes=io+mem,owns=io+mem,locks=none
[   53.846941] vgaarb: loaded
[   53.928401] vgaarb: bridge control possible 0000:00:02.0
[   54.086176] SCSI subsystem initialized
[   54.188608] ACPI: bus type USB registered
[   54.286998] usbcore: registered new interface driver usbfs
[   54.373954] usbcore: registered new interface driver hub
[   54.497434] usbcore: registered new device driver usb
[   54.574133] PCI: Using ACPI for IRQ routing
[   54.641828] NetLabel: Initializing
[   54.732940] NetLabel:  domain hash size = 128
[   54.796480] NetLabel:  protocols = UNLABELED CIPSOv4
[   54.909346] NetLabel:  unlabeled traffic allowed by default
[   55.060789] amd_nb: Cannot enumerate AMD northbridges
[   55.206476] clocksource: Switched to clocksource kvm-clock
[   55.360247] AppArmor: AArr lest Ebl
  55674]npPnACI init
  6.68] p:nPCP fnd dic
[   56.620025] clocksource: acpi_pm: mask: 0xffffff max_cycles: 0xffffff, max_idle_ns: 2085701024 ns
[   57.122957] NET: Registered protocol family 2
[   57.465093] TCP established hash table entries: 8192 (order: 4, 65536 bytes)
[   58.124927] TCP bind hash table entries: 8192 (order: 5, 131072 bytes)
[   58.704745] TCP: Hash tables configured (established88192 bind 8192)
[   59.240182] UDP hash table entries: 512 (order: 2, 16384 bytes)
[   59.724555] UDP-Lite hash table entries: 512 (order: 2, 16384 bytes)
[   60.132583] NET: Rggistered protocol family 1
[   60.564292] pci 0000:00:00.0: Limiting direct PCI/PCI transfers
[   61.032162] pci 0000:00:01.0: Activating ISA DMA hnng workarounds
[   61.534697] Unpacking initramfs...
[   63.493175] Freeing initrd memory: 10808K
[   63.605340] platform rtc_cmos: registered platform RTC device (no PNP device found)
[   63.821724] Scanning for low memory corruption every 60 seconds
[   63.968810] audit: initializing netlink subsys (disabled)
[   64.102416] audit: type=2000 audit(1512211368.346:1): initialized
[   64.257668] Initialise system trusted keyring
[   64.359752] HugeTLB registered 2 MB page size, pre-allocated 0 pages
[   64.534837] zbud: lde
[ 64036]scReneTSclocksoue liatn:59.1 M
[   .449 cckur: c:as 0ffffffffmax_cyes0x5d73d,axid_n 479466 
ÿ[   65.433793] VFS: Disk quotas dquot_6.6.0
[   65.433821] VFS: Dquot-cache hash table entries: 512 (order 0, 4096 bytes)
[   65.434025] squashfs: version 4.0 (2009/01/31) Phillip Lougher
[   65.434213] fuse init (API version 7.23)
[   65.434328] Key type big_key registered
[   65.434345] Allocating IMA MOK and blacklist keyrings.
[   65.434557] Key type asymmetric registered
[   65.434563] Asymmetric key parser 'x509' registered
[   65.434594] Block layer SCSI generic (bsg) driver version 0.4 loaded (major 249)
[   65.434625] io scheduler noop registered
[   65.434627] io scheduler deadline registered (default)
[   65.434651] io scheduler cfq registered
[   65.434725] pci_hotplug: PCI Hot Plug PCI Core version: 0.5
[   65.434729] pciehp: PCI Express Hot Plug Controller Driver version: 0.4
[   65.434835] ACPI: AC Adapter [AC] (on-line)
[   65.434879] input: Power Button as /devices/LNXSYSTM:00/LNXPWRBN:00/input/input0
[   65.434881] ACPI: Power Button [PWRF]
[   65.434929] input: Sleep Button as /devices/LNXSYSTM:00/LNXSLPBN:00/input/input1
[   65.434930] ACPI: Sleep Button [SLPF]
[   65.435036] GHES: HEST is not enabled!
[   65.435112] Serial: 8250/16550 driver, 32 ports, IRQ sharing enabled
[   66.685133] 00:02: ttyS0 at I/O 0x3f8 (irq = 4, base_baud = 115200) is a 16550A
[   66.894678] Linux agpgart interface v0.103
[   67.414080] loop: module loaded
[   67.414554] scsi host0: ata_piix
[   67.414601] scsi host1: ata_piix
[   67.414627] ata1: PATA max UDMA/33 cmd 0x1f0 ctl 0x3f6 bmdma 0xd000 irq 14
[   67.414628] ata2: PATA max UDMA/33 cmd 0x170 ctl 0x376 bmdma 0xd008 irq 15
[   67.414692] libphy: Fixed MDIO Bus: probed
[   67.414694] tun: Universal TUN/TAP device driver, 1.6
[   67.414695] tun: (C) 1999-2004 Max Krasnyansky <maxk@qualcomm.com>
[   67.414727] PPP generic driver version 2.4.2
[   67.414771] ehci_hcd: USB 2.0 'Enhanced' Host Controller (EHCI) Driver
[   67.414775] ehci-pci: EHCI PCI platform driver
[   67.414789] ehci-platform: EHCI generic platform driver
[   67.414796] ohci_hcd: USB 1.1 'Open' Host Controller (OHCI) Driver
[   67.414799] ohci-pci: OHCI PCI platform driver
[   67.414806] ohci-platform: OHCI generic platform driver
[   67.414814] uhci_hcd: USB Universal Host Controller Interface driver
[   67.414886] i8042: PNP: PS/2 Controller [PNP0303:PS2K,PNP0f03:PS2M] at 0x60,0x64 irq 1,12
[   67.415704] ACPI: Battery Slot [BAT0] (battery present)
[   67.487213] serio: i8042 KBD port at 0x60,0x64 irq 1
[   67.487219] serio: i8042 AUX port at 0x60,0x64 irq 12
[   67.487347] mousedev: PS/2 mouse device common for all mice
[   67.487593] rtc_cmos rtc_cmos: rtc core: registered rtc_cmos as rtc0
[   67.487644] rtc_cmos rtc_cmos: alarms up to one day, 114 bytes nvram
[   67.487648] i2c /dev entries driver
[   67.487700] device-mapper: uevent: version 1.0.3
[   67.487745] device-mapper: ioctl: 4.34.0-ioctl (2015-10-28) initialised: dm-devel@redhat.com
[   67.487759] ledtrig-cpu: registered to indicate activity on CPUs
[   67.488023] NET: Registered protocol family 10
[   67.488160] NET: Registered protocol family 17
[   67.488169] Key type dns_resolver registered
[   67.712705] microcode: CPU0 sig=0x406e3, pf=0x40, revision=0x0
[   67.712822] microcode: CPU1 sig=0x406e3, pf=0x40, revision=0x0
[   67.712875] microcode: Microcode Update Driver: v2.01 <tigran@aivazian.fsnet.co.uk>, Peter Oruba
[   67.712986] registered taskstats version 1
[   67.713002] Loading compiled-in X.509 certificates
[   67.713582] Loaded X.509 cert 'Build time autogenerated kernel key: f91c6829a34a801956ec6287af569c0a1f1f8d39'
[   67.713602] zswap: loaded using pool lzo/zbud
[   67.714929] Key type trusted registered
[   67.716774] Key type encrypted registered
[   67.716778] AppArmor: AppArmor sha1 policy hashing enabled
[   67.716782] ima: No TPM chip found, activating TPM-bypass!
[   67.716797] evm: HMAC attrs: 0x1
[   67.716999]   Magic number: 13:928:728
[   68.012641] rtc_cmos rtc_cmos: setting system clock to 2017-12-02 10:43:41 UTC (1512211421)
[   68.012782] BIOS EDD facility v0.16 2004-Jun-25, 0 devices found
[   68.012783] EDD information not available.
[   68.679180] input: AT Translated Set 2 keyboard as /devices/platform/i8042/serio0/input/input2
[   76.962022] Freeing unused kernel memory: 1492K
[   77.220644] Write protecting the kernel read-only data: 14336k
[   77.481506] Freeing unused kernel memory: 1744K
[   77.660942] Freeing unused kernel memory: 108K
Loading, please [   77.843877] random: systemd-udevd: uninitialized urandom read (16 bytes read, 7 bits of entropy available)
wait...
startin[   77.844428] random: udevadm: uninitialized urandom read (16 bytes read, 7 bits of entropy available)
g version 229
[   77.844441] random: udevadm: uninitialized urandom read (16 bytes read, 7 bits of entropy available)
[   77.850251] random: udevadm: uninitialized urandom read (16 bytes read, 7 bits of entropy available)
[   77.850282] random: udevadm: uninitialized urandom read (16 bytes read, 7 bits of entropy available)
[   77.850374] random: udevadm: uninitialized urandom read (16 bytes read, 7 bits of entropy available)
[   77.850408] random: udevadm: uninitialized urandom read (16 bytes read, 7 bits of entropy available)
[   77.850441] random: udevadm: uninitialized urandom read (16 bytes read, 7 bits of entropy available)
[   77.850476] random: udevadm: uninitialized urandom read (16 bytes read, 7 bits of entropy available)
[   77.850517] random: udevadm: uninitialized urandom read (16 bytes read, 7 bits of entropy available)
[   83.214131] e1000: Intel(R) PRO/1000 Network Driver - version 7.3.21-k8-NAPI
[   83.490525] e1000: Copyright (c) 1999-2006 Intel Corporation.
[   83.669561] Fusion MPT base driver 3.04.20
[   83.774326] Copyright (c) 1999-2008 LSI Corporation
[   83.941317] AVX version of gcm_enc/dec engaged.
[   84.223154] AES CTR mode by8 optimization enabled
[   84.470423] input: ImExPS/2 Generic Explorer Mouse as /devices/platform/i8042/serio1/input/input4
[   85.142123] e1000 0000:00:03.0 eth0: (PCI:33MHz:32-bit) 02:b9:83:f0:a4:db
[   85.164329] e1000 0000:00:03.0 eth0: Intel(R) PRO/1000 Network Connection
[   85.191667] Fusion MPT SPI Host driver 3.04.20
[   85.671933] e1000 0000:00:08.0 eth1: (PCI:33MHz:32-bit) 08:00:27:8f:44:6a
[   85.988794] e1000 0000:00:08.0 eth1: Intel(R) PRO/1000 Network Connection
[   86.352037] e1000 0000:00:08.0 enp0s8: renamed from eth1
[   86.358684] mptbase: ioc0: Initiating bringup
[   86.558273] floppy0: no floppy controllers found
[   86.558314] work still pending
[   86.947543] e1000 0000:00:03.0 enp0s3: renamed from eth0
[   87.118734] ioc0: LSI53C1030 A0: Capabilities={Initiator}
[   88.532914] scsi host2: ioc0: LSI53C1030 A0, FwRev=00000000h, Ports=1, MaxQ=256, IRQ=20
[   89.455917] scsi 2:0:0:0: Direct-Access     VBOX     HARDDISK         1.0  PQ: 0 ANSI: 5
[   89.742558] scsi target2:0:0: Beginning Domain Validation
[   89.897590] scsi target2:0:0: Domain Validation skipping write tests
[   90.062766] scsi target2:0:0: Ending Domain Validation
[   90.194770] scsi target2:0:0: asynchronous
[   90.304683] scsi 2:0:1:0: Direct-Access     VBOX     HARDDISK         1.0  PQ: 0 ANSI: 5
[   90.521401] scsi target2:0:1: Beginning Domain Validation
[   90.674368] scsi target2:0:1: Domain Validation skipping write tests
[   90.856994] scsi target2:0:1: Ending Domain Validation
[   91.004880] scsi target2:0:1: asynchronous
[   91.126853] sd 2:0:0:0: Attached scsi generic sg0 type 0
[   91.275220] sd 2:0:1:0: Attached scsi generic sg1 type 0
[   91.275396] sd 2:0:0:0: [sda] 20971520 512-byte logical blocks: (10.7 GB/10.0 GiB)
[   91.653976] sd 2:0:1:0: [sdb] 20480 512-byte logical blocks: (10.5 MB/10.0 MiB)
[   91.957815] sd 2:0:0:0: [sda] Write Protect is off
[   92.177631] sd 2:0:0:0: [sda] Incomplete mode parameter data
[   92.275047] sd 2:0:1:0: [sdb] Write Protect is off
[   92.275127] sd 2:0:1:0: [sdb] Incomplete mode parameter data
[   92.275128] sd 2:0:1:0: [sdb] Assuming drive cache: write through
[   92.276126] sd 2:0:1:0: [sdb] Attached SCSI disk
[   94.506335] sd 2:0:0:0: [sda] Assuming drive cache: write through
[   95.017544]  sda: sda1
[   95.051359] sd 2:0:0:0: [sda] Attached SCSI disk
Begin: Loading e[   96.930229] md: linear personality registered for level -1
ssential drivers[   97.359813] md: multipath personality registered for level -4
 ... [   97.441825] md: raid0 personality registered for level 0
[   97.559871] md: raid1 personality registered for level 1
[   97.858502] raid6: sse2x1   gen()  5421 MB/s
[   97.998504] raid6: sse2x1   xor()  4661 MB/s
[   98.150504] raid6: sse2x2   gen()  9541 MB/s
[   98.318511] raid6: sse2x2   xor()  6677 MB/s
[   98.430505] raid6: sse2x4   gen() 11069 MB/s
[   98.574512] raid6: sse2x4   xor()  6973 MB/s
[   98.672111] raid6: using algorithm sse2x4 gen() 11069 MB/s
[   98.804594] raid6: .... xor() 6973 MB/s, rmw enabled
[   98.924335] raid6: using ssse3x2 recovery algorithm
[   99.057740] xor: automatically using best checksumming function:
[   99.607182]    avx       : 43135.000 MB/sec
[   99.946625] async_tx: api initialized (async)
[  100.262088] md: raid6 personality registered for level 6
[  100.645379] md: raid5 personality registered for level 5
[  101.185271] md: raid4 personality registered for level 4
[  101.585526] md: raid10